<?xml version="1.0" encoding="UTF-8"?>
<testsuite xmlns:xsi="http://www.w3.org/2001/XMLSchema-instance" xsi:noNamespaceSchemaLocation="https://maven.apache.org/surefire/maven-surefire-plugin/xsd/surefire-test-report-3.0.xsd" version="3.0" name="com.example.soap_hello_world.SoapHelloWorldApplicationTests" time="2.305" tests="1" errors="0" skipped="0" failures="0">
  <properties>
[...]
</properties>
  <testcase name="contextLoads" classname="com.example.soap_hello_world.SoapHelloWorldApplicationTests" time="0.717">
    <system-out><![CDATA[11:41:22.628 [main] INFO org.springframework.test.context.support.AnnotationConfigContextLoaderUtils -- Could not detect default configuration classes for test class [com.example.soap_hello_world.SoapHelloWorldApplicationTests]: SoapHelloWorldApplicationTests does not declare any static, non-private, non-final, nested classes annotated with @Configuration.
11:41:22.719 [main] INFO org.springframework.boot.test.context.SpringBootTestContextBootstrapper -- Found @SpringBootConfiguration com.example.soap_hello_world.SoapHelloWorldApplication for test class com.example.soap_hello_world.SoapHelloWorldApplicationTests
11:41:22.847 [main] INFO org.springframework.boot.devtools.restart.RestartApplicationListener -- Restart disabled due to context in which it is running

  .   ____          _            __ _ _
 /\\ / ___'_ __ _ _(_)_ __  __ _ \ \ \ \
( ( )\___ | '_ | '_| | '_ \/ _` | \ \ \ \
 \\/  ___)| |_)| | | | | || (_| |  ) ) ) )
  '  |____| .__|_| |_|_| |_\__, | / / / /
 =========|_|==============|___/=/_/_/_/

 :: Spring Boot ::                (v3.3.5)

2025-10-09T11:41:23.059+07:00  INFO 11204 --- [soap-hello-world] [           main] c.e.s.SoapHelloWorldApplicationTests     : Starting SoapHelloWorldApplicationTests using Java 17.0.8.1 with PID 11204 (started by IT SUPPORTER in C:\Users\IT SUPPORTER\Downloads\soap-hello-world)
2025-10-09T11:41:23.061+07:00  INFO 11204 --- [soap-hello-world] [           main] c.e.s.SoapHelloWorldApplicationTests     : No active profile set, falling back to 1 default profile: "default"
2025-10-09T11:41:23.656+07:00  WARN 11204 --- [soap-hello-world] [           main] trationDelegate$BeanPostProcessorChecker : Bean 'org.springframework.ws.config.annotation.DelegatingWsConfiguration' of type [org.springframework.ws.config.annotation.DelegatingWsConfiguration$$SpringCGLIB$$0] is not eligible for getting processed by all BeanPostProcessors (for example: not eligible for auto-proxying). The currently created BeanPostProcessor [annotationActionEndpointMapping] is declared through a non-static factory method on that class; consider declaring it as static instead.
2025-10-09T11:41:23.688+07:00  INFO 11204 --- [soap-hello-world] [           main] .w.s.a.s.AnnotationActionEndpointMapping : Supporting [WS-Addressing August 2004, WS-Addressing 1.0]
2025-10-09T11:41:24.061+07:00  INFO 11204 --- [soap-hello-world] [           main] c.e.s.SoapHelloWorldApplicationTests     : Started SoapHelloWorldApplicationTests in 1.223 seconds (process running for 2.071)
]]></system-out>
  </testcase>
</testsuite>